<?xml version="1.0" encoding="UTF-8"?>
<testsuite xmlns:xsi="http://www.w3.org/2001/XMLSchema-instance" xsi:noNamespaceSchemaLocation="https://maven.apache.org/surefire/maven-surefire-plugin/xsd/surefire-test-report.xsd" version="3.0.2" name="com.semestral.gestion_usuarios.service.RolServiceTest" time="0.274" tests="13" errors="0" skipped="0" failures="0" flakes="0">
  <properties>
[...]
</properties>
  <testcase name="getById_debeLanzarExcepcion_cuandoNoExiste" classname="Test Unit de RolService" time="0.223">
    <system-out><![CDATA[2026-07-05 20:07:00 [ INFO] c.s.g.service.RolService - [RolService] Buscando rol con ID: 99
2026-07-05 20:07:00 [ WARN] c.s.g.service.RolService - [RolService] Rol ID 99 no encontrado en la base de datos
]]></system-out>
  </testcase>
  <testcase name="getById_debeRetornarRol_cuandoExiste" classname="Test Unit de RolService" time="0.002">
    <system-out><![CDATA[2026-07-05 20:07:00 [ INFO] c.s.g.service.RolService - [RolService] Buscando rol con ID: 1
]]></system-out>
  </testcase>
  <testcase name="update_debeLanzarExcepcion_cuandoNuevoNombreOcupado" classname="Test Unit de RolService" time="0.01">
    <system-out><![CDATA[2026-07-05 20:07:00 [ INFO] c.s.g.service.RolService - [RolService] Iniciando actualización para el rol ID: 1
2026-07-05 20:07:00 [ WARN] c.s.g.service.RolService - [RolService] Choque de nombres: ya existe otro rol llamado 'USER'
]]></system-out>
  </testcase>
  <testcase name="update_conNombreNulo_debeMantenerNombreExistente" classname="Test Unit de RolService" time="0.005">
    <system-out><![CDATA[2026-07-05 20:07:00 [ INFO] c.s.g.service.RolService - [RolService] Iniciando actualización para el rol ID: 1
2026-07-05 20:07:00 [ INFO] c.s.g.service.RolService - [RolService] Rol ID 1 actualizado correctamente a 'ADMIN'
]]></system-out>
  </testcase>
  <testcase name="update_noDebeChocar_cuandoNombreEsElMismo" classname="Test Unit de RolService" time="0.004">
    <system-out><![CDATA[2026-07-05 20:07:00 [ INFO] c.s.g.service.RolService - [RolService] Iniciando actualización para el rol ID: 1
2026-07-05 20:07:00 [ INFO] c.s.g.service.RolService - [RolService] Rol ID 1 actualizado correctamente a 'ADMIN'
]]></system-out>
  </testcase>
  <testcase name="update_debeLanzarExcepcion_cuandoRolNoExiste" classname="Test Unit de RolService" time="0.004">
    <system-out><![CDATA[2026-07-05 20:07:00 [ INFO] c.s.g.service.RolService - [RolService] Iniciando actualización para el rol ID: 99
2026-07-05 20:07:00 [ WARN] c.s.g.service.RolService - [RolService] Fallo al actualizar: Rol ID 99 no encontrado
]]></system-out>
  </testcase>
  <testcase name="create_debeGuardarRol_cuandoNombreNoExiste" classname="Test Unit de RolService" time="0.005">
    <system-out><![CDATA[2026-07-05 20:07:00 [ INFO] c.s.g.service.RolService - [RolService] Intentando crear nuevo rol: SUPERVISOR
2026-07-05 20:07:00 [ INFO] c.s.g.service.RolService - [RolService] Rol 'SUPERVISOR' creado exitosamente con ID: 2
]]></system-out>
  </testcase>
  <testcase name="findByNombre_debeRetornarRol_cuandoCoincide" classname="Test Unit de RolService" time="0.003">
    <system-out><![CDATA[2026-07-05 20:07:00 [DEBUG] c.s.g.service.RolService - [RolService] Buscando rol por nombre exacto: ADMIN
]]></system-out>
  </testcase>
  <testcase name="update_debeActualizarNombre_cuandoEstaLibre" classname="Test Unit de RolService" time="0.003">
    <system-out><![CDATA[2026-07-05 20:07:00 [ INFO] c.s.g.service.RolService - [RolService] Iniciando actualización para el rol ID: 1
2026-07-05 20:07:00 [ INFO] c.s.g.service.RolService - [RolService] Rol ID 1 actualizado correctamente a 'SUPER_ADMIN'
]]></system-out>
  </testcase>
  <testcase name="findAll_debeRetornarListaDeRoles" classname="Test Unit de RolService" time="0.001">
    <system-out><![CDATA[2026-07-05 20:07:00 [ INFO] c.s.g.service.RolService - [RolService] Consultando todos los roles registrados
]]></system-out>
  </testcase>
  <testcase name="create_debeLanzarExcepcion_cuandoNombreYaExiste" classname="Test Unit de RolService" time="0.004">
    <system-out><![CDATA[2026-07-05 20:07:00 [ INFO] c.s.g.service.RolService - [RolService] Intentando crear nuevo rol: ADMIN
2026-07-05 20:07:00 [ WARN] c.s.g.service.RolService - [RolService] Creación fallida: El rol 'ADMIN' ya existe
]]></system-out>
  </testcase>
  <testcase name="findByNombreIgnoreCase_debeRetornarRol" classname="Test Unit de RolService" time="0.002">
    <system-out><![CDATA[2026-07-05 20:07:00 [DEBUG] c.s.g.service.RolService - [RolService] Buscando rol por nombre (ignorando mayúsculas/minúsculas): admin
]]></system-out>
  </testcase>
  <testcase name="findByNombre_debeRetornarVacio_cuandoNoCoincide" classname="Test Unit de RolService" time="0.002">
    <system-out><![CDATA[2026-07-05 20:07:00 [DEBUG] c.s.g.service.RolService - [RolService] Buscando rol por nombre exacto: INEXISTENTE
]]></system-out>
  </testcase>
</testsuite>