<?xml version="1.0" encoding="UTF-8"?>
<testsuite xmlns:xsi="http://www.w3.org/2001/XMLSchema-instance" xsi:noNamespaceSchemaLocation="https://maven.apache.org/surefire/maven-surefire-plugin/xsd/surefire-test-report.xsd" version="3.0.2" name="com.semestral.gestion_direccion.service.DireccionServiceTest" time="0.535" tests="22" errors="0" skipped="0" failures="0" flakes="0">
  <properties>
[...]
</properties>
  <testcase name="create_debeLanzarExcepcion_cuandoEstadoNoExiste" classname="Test Unitario de DireccionService" time="0.418">
    <system-out><![CDATA[2026-07-05 19:49:13 [ INFO] c.s.g.service.DireccionService - [DireccionService] Iniciando creación de dirección para el usuario ID: 10
2026-07-05 19:49:13 [ WARN] c.s.g.service.DireccionService - [DireccionService] Validación fallida: Estado ID 1 no existe en ms-estados
]]></system-out>
  </testcase>
  <testcase name="delete_debeEliminar_cuandoExiste" classname="Test Unitario de DireccionService" time="0.005">
    <system-out><![CDATA[2026-07-05 19:49:13 [ INFO] c.s.g.service.DireccionService - [DireccionService] Intentando eliminar la dirección ID: 1
2026-07-05 19:49:13 [ INFO] c.s.g.service.DireccionService - [DireccionService] Dirección ID 1 eliminada correctamente
]]></system-out>
  </testcase>
  <testcase name="update_debeLanzarExcepcion_cuandoNuevaComunaNoExiste" classname="Test Unitario de DireccionService" time="0.006">
    <system-out><![CDATA[2026-07-05 19:49:13 [ INFO] c.s.g.service.DireccionService - [DireccionService] Iniciando actualización de la dirección ID: 1
2026-07-05 19:49:13 [ WARN] c.s.g.service.DireccionService - [DireccionService] Fallo al actualizar: Comuna ID 99 no encontrada
]]></system-out>
  </testcase>
  <testcase name="findByIdOrThrow_debeLanzarExcepcion_cuandoNoExiste" classname="Test Unitario de DireccionService" time="0.004">
    <system-out><![CDATA[2026-07-05 19:49:13 [ INFO] c.s.g.service.DireccionService - [DireccionService] Buscando dirección con ID: 99
2026-07-05 19:49:13 [ WARN] c.s.g.service.DireccionService - [DireccionService] Dirección ID 99 no encontrada
]]></system-out>
  </testcase>
  <testcase name="create_debeGuardarDireccion_cuandoDatosValidos" classname="Test Unitario de DireccionService" time="0.005">
    <system-out><![CDATA[2026-07-05 19:49:13 [ INFO] c.s.g.service.DireccionService - [DireccionService] Iniciando creación de dirección para el usuario ID: 10
2026-07-05 19:49:13 [ INFO] c.s.g.service.DireccionService - [DireccionService] Dirección creada exitosamente con ID: 1
]]></system-out>
  </testcase>
  <testcase name="create_debeLanzarExcepcion_cuandoMsUsuariosFalla" classname="Test Unitario de DireccionService" time="0.036">
    <system-out><![CDATA[2026-07-05 19:49:13 [ INFO] c.s.g.service.DireccionService - [DireccionService] Iniciando creación de dirección para el usuario ID: 10
2026-07-05 19:49:13 [ERROR] c.s.g.service.DireccionService - [DireccionService] Error de comunicación con ms-usuarios al validar ID 10: null
]]></system-out>
  </testcase>
  <testcase name="create_debeLanzarExcepcion_cuandoUsuarioNoExisteEnMsUsuarios" classname="Test Unitario de DireccionService" time="0.003">
    <system-out><![CDATA[2026-07-05 19:49:13 [ INFO] c.s.g.service.DireccionService - [DireccionService] Iniciando creación de dirección para el usuario ID: 10
2026-07-05 19:49:13 [ WARN] c.s.g.service.DireccionService - [DireccionService] Validación fallida: Usuario ID 10 no existe en ms-usuarios
]]></system-out>
  </testcase>
  <testcase name="update_debeLanzarExcepcion_cuandoNuevoUsuarioNoExiste" classname="Test Unitario de DireccionService" time="0.003">
    <system-out><![CDATA[2026-07-05 19:49:13 [ INFO] c.s.g.service.DireccionService - [DireccionService] Iniciando actualización de la dirección ID: 1
2026-07-05 19:49:13 [ WARN] c.s.g.service.DireccionService - [DireccionService] Fallo al actualizar: Usuario ID 20 no existe en ms-usuarios
]]></system-out>
  </testcase>
  <testcase name="create_debeLanzarExcepcion_cuandoComunaNoExiste" classname="Test Unitario de DireccionService" time="0.002">
    <system-out><![CDATA[2026-07-05 19:49:13 [ INFO] c.s.g.service.DireccionService - [DireccionService] Iniciando creación de dirección para el usuario ID: 10
2026-07-05 19:49:13 [ WARN] c.s.g.service.DireccionService - [DireccionService] Comuna ID 1 no encontrada en la BD
]]></system-out>
  </testcase>
  <testcase name="create_debeLanzarExcepcion_cuandoIdComunaEsNulo" classname="Test Unitario de DireccionService" time="0.004">
    <system-out><![CDATA[2026-07-05 19:49:13 [ INFO] c.s.g.service.DireccionService - [DireccionService] Iniciando creación de dirección para el usuario ID: 10
2026-07-05 19:49:13 [ WARN] c.s.g.service.DireccionService - [DireccionService] Fallo al crear: El ID de la comuna es nulo
]]></system-out>
  </testcase>
  <testcase name="create_noDebeLlamarClientes_cuandoIdsExternosSonNulos" classname="Test Unitario de DireccionService" time="0.004">
    <system-out><![CDATA[2026-07-05 19:49:13 [ INFO] c.s.g.service.DireccionService - [DireccionService] Iniciando creación de dirección para el usuario ID: null
2026-07-05 19:49:13 [ INFO] c.s.g.service.DireccionService - [DireccionService] Dirección creada exitosamente con ID: 1
]]></system-out>
  </testcase>
  <testcase name="update_debeLanzarExcepcion_cuandoDireccionNoExiste" classname="Test Unitario de DireccionService" time="0.003">
    <system-out><![CDATA[2026-07-05 19:49:13 [ INFO] c.s.g.service.DireccionService - [DireccionService] Iniciando actualización de la dirección ID: 99
2026-07-05 19:49:13 [ WARN] c.s.g.service.DireccionService - [DireccionService] Fallo al actualizar: Dirección ID 99 no encontrada
]]></system-out>
  </testcase>
  <testcase name="delete_debeLanzarExcepcion_cuandoNoExiste" classname="Test Unitario de DireccionService" time="0.004">
    <system-out><![CDATA[2026-07-05 19:49:13 [ INFO] c.s.g.service.DireccionService - [DireccionService] Intentando eliminar la dirección ID: 99
2026-07-05 19:49:13 [ WARN] c.s.g.service.DireccionService - [DireccionService] Intento de eliminar ID inexistente: 99
]]></system-out>
  </testcase>
  <testcase name="create_debeLanzarExcepcion_cuandoMsEstadosFalla" classname="Test Unitario de DireccionService" time="0.003">
    <system-out><![CDATA[2026-07-05 19:49:13 [ INFO] c.s.g.service.DireccionService - [DireccionService] Iniciando creación de dirección para el usuario ID: 10
2026-07-05 19:49:13 [ERROR] c.s.g.service.DireccionService - [DireccionService] Error al conectar con ms-estados: null
]]></system-out>
  </testcase>
  <testcase name="update_debeLanzarExcepcion_cuandoNuevoEstadoNoExiste" classname="Test Unitario de DireccionService" time="0.003">
    <system-out><![CDATA[2026-07-05 19:49:13 [ INFO] c.s.g.service.DireccionService - [DireccionService] Iniciando actualización de la dirección ID: 1
2026-07-05 19:49:13 [ WARN] c.s.g.service.DireccionService - [DireccionService] Fallo al actualizar: Estado ID 7 no existe en ms-estados
]]></system-out>
  </testcase>
  <testcase name="update_conCamposNulos_noDebeModificarCalleNiNumero" classname="Test Unitario de DireccionService" time="0.003">
    <system-out><![CDATA[2026-07-05 19:49:13 [ INFO] c.s.g.service.DireccionService - [DireccionService] Iniciando actualización de la dirección ID: 1
2026-07-05 19:49:13 [ INFO] c.s.g.service.DireccionService - [DireccionService] Dirección ID 1 actualizada correctamente
]]></system-out>
  </testcase>
  <testcase name="update_debeLanzarExcepcion_cuandoMsEstadosFallaAlActualizar" classname="Test Unitario de DireccionService" time="0.004">
    <system-out><![CDATA[2026-07-05 19:49:13 [ INFO] c.s.g.service.DireccionService - [DireccionService] Iniciando actualización de la dirección ID: 1
2026-07-05 19:49:13 [ERROR] c.s.g.service.DireccionService - [DireccionService] Error de red con ms-estados: null
]]></system-out>
  </testcase>
  <testcase name="update_debeLanzarExcepcion_cuandoMsUsuariosFallaAlActualizar" classname="Test Unitario de DireccionService" time="0.005">
    <system-out><![CDATA[2026-07-05 19:49:13 [ INFO] c.s.g.service.DireccionService - [DireccionService] Iniciando actualización de la dirección ID: 1
2026-07-05 19:49:13 [ERROR] c.s.g.service.DireccionService - [DireccionService] Error al conectar con ms-usuarios: null
]]></system-out>
  </testcase>
  <testcase name="update_debeActualizarDireccion_cuandoDatosValidos" classname="Test Unitario de DireccionService" time="0.004">
    <system-out><![CDATA[2026-07-05 19:49:13 [ INFO] c.s.g.service.DireccionService - [DireccionService] Iniciando actualización de la dirección ID: 1
2026-07-05 19:49:13 [ INFO] c.s.g.service.DireccionService - [DireccionService] Dirección ID 1 actualizada correctamente
]]></system-out>
  </testcase>
  <testcase name="findByIdOrThrow_debeRetornarDireccion_cuandoExiste" classname="Test Unitario de DireccionService" time="0.003">
    <system-out><![CDATA[2026-07-05 19:49:13 [ INFO] c.s.g.service.DireccionService - [DireccionService] Buscando dirección con ID: 1
]]></system-out>
  </testcase>
  <testcase name="findAll_debeRetornarLista" classname="Test Unitario de DireccionService" time="0.002">
    <system-out><![CDATA[2026-07-05 19:49:13 [ INFO] c.s.g.service.DireccionService - [DireccionService] Consultando todas las direcciones (con JOIN FETCH de Comuna y Región)
]]></system-out>
  </testcase>
  <testcase name="findAll_debeRetornarVacio" classname="Test Unitario de DireccionService" time="0.002">
    <system-out><![CDATA[2026-07-05 19:49:13 [ INFO] c.s.g.service.DireccionService - [DireccionService] Consultando todas las direcciones (con JOIN FETCH de Comuna y Región)
]]></system-out>
  </testcase>
</testsuite>