<?xml version="1.0" encoding="UTF-8"?>
<testsuite xmlns:xsi="http://www.w3.org/2001/XMLSchema-instance" xsi:noNamespaceSchemaLocation="https://maven.apache.org/surefire/maven-surefire-plugin/xsd/surefire-test-report.xsd" version="3.0.2" name="com.semestral.gestion_direccion.controller.DireccionControllerTest" time="7.123" tests="6" errors="0" skipped="0" failures="0" flakes="0">
  <properties>
[...]
</properties>
  <testcase name="create_debeRetornar201" classname="Test de Integración del Controlador (DireccionController)" time="0.913">
    <system-out><![CDATA[19:49:01.209 [main] INFO org.springframework.test.context.support.AnnotationConfigContextLoaderUtils -- Could not detect default configuration classes for test class [com.semestral.gestion_direccion.controller.DireccionControllerTest]: DireccionControllerTest does not declare any static, non-private, non-final, nested classes annotated with @Configuration.
19:49:01.549 [main] INFO org.springframework.boot.test.context.SpringBootTestContextBootstrapper -- Found @SpringBootConfiguration com.semestral.gestion_direccion.GestionDireccionApplication for test class com.semestral.gestion_direccion.controller.DireccionControllerTest
19:49:01.553 [main] INFO org.springframework.test.context.support.AnnotationConfigContextLoaderUtils -- Could not detect default configuration classes for test class [com.semestral.gestion_direccion.controller.DireccionControllerTest]: DireccionControllerTest does not declare any static, non-private, non-final, nested classes annotated with @Configuration.
19:49:01.564 [main] INFO org.springframework.boot.test.context.SpringBootTestContextBootstrapper -- Found @SpringBootConfiguration com.semestral.gestion_direccion.GestionDireccionApplication for test class com.semestral.gestion_direccion.controller.DireccionControllerTest

  .   ____          _            __ _ _
 /\\ / ___'_ __ _ _(_)_ __  __ _ \ \ \ \
( ( )\___ | '_ | '_| | '_ \/ _` | \ \ \ \
 \\/  ___)| |_)| | | | | || (_| |  ) ) ) )
  '  |____| .__|_| |_|_| |_\__, | / / / /
 =========|_|==============|___/=/_/_/_/

 :: Spring Boot ::                (v4.0.6)

2026-07-05 19:49:02 [ INFO] c.s.g.c.DireccionControllerTest - Starting DireccionControllerTest using Java 21.0.10 with PID 3728 (started by helss in C:\Users\helss\Documents\GitHub\Proyecto-Fullstack\gestion_direccion)
2026-07-05 19:49:02 [DEBUG] c.s.g.c.DireccionControllerTest - Running with Spring Boot v4.0.6, Spring v7.0.7
2026-07-05 19:49:02 [ INFO] c.s.g.c.DireccionControllerTest - No active profile set, falling back to 1 default profile: "default"
2026-07-05 19:49:06 [ INFO] c.s.g.c.DireccionControllerTest - Started DireccionControllerTest in 4.749 seconds (process running for 7.179)
2026-07-05 19:49:07 [ INFO] c.s.g.c.DireccionController - [DireccionController] POST /api/direcciones
]]></system-out>
    <system-err><![CDATA[Mockito is currently self-attaching to enable the inline-mock-maker. This will no longer work in future releases of the JDK. Please add Mockito as an agent to your build as described in Mockito's documentation: https://javadoc.io/doc/org.mockito/mockito-core/latest/org.mockito/org/mockito/Mockito.html#0.3
WARNING: A Java agent has been loaded dynamically (C:\Users\helss\.m2\repository\net\bytebuddy\byte-buddy-agent\1.17.8\byte-buddy-agent-1.17.8.jar)
WARNING: If a serviceability tool is in use, please run with -XX:+EnableDynamicAgentLoading to hide this warning
WARNING: If a serviceability tool is not in use, please run with -Djdk.instrument.traceUsage for more information
WARNING: Dynamic loading of agents will be disallowed by default in a future release
]]></system-err>
  </testcase>
  <testcase name="getById_debeRetornar200" classname="Test de Integración del Controlador (DireccionController)" time="0.022">
    <system-out><![CDATA[2026-07-05 19:49:07 [ INFO] c.s.g.c.DireccionController - [DireccionController] GET /api/direcciones/1
]]></system-out>
  </testcase>
  <testcase name="getById_debeRetornar404" classname="Test de Integración del Controlador (DireccionController)" time="0.042">
    <system-out><![CDATA[2026-07-05 19:49:07 [ INFO] c.s.g.c.DireccionController - [DireccionController] GET /api/direcciones/99
2026-07-05 19:49:07 [ WARN] c.s.g.e.GlobalExceptionHandler - NotFound: /api/direcciones/99 - Recurso no encontrado con ID: 99
]]></system-out>
  </testcase>
  <testcase name="getAll_debeRetornar200" classname="Test de Integración del Controlador (DireccionController)" time="0.025">
    <system-out><![CDATA[2026-07-05 19:49:07 [ INFO] c.s.g.c.DireccionController - [DireccionController] GET /api/direcciones
]]></system-out>
  </testcase>
  <testcase name="delete_debeRetornar204" classname="Test de Integración del Controlador (DireccionController)" time="0.017">
    <system-out><![CDATA[2026-07-05 19:49:07 [ INFO] c.s.g.c.DireccionController - [DireccionController] DELETE /api/direcciones/1
]]></system-out>
  </testcase>
  <testcase name="update_debeRetornar200" classname="Test de Integración del Controlador (DireccionController)" time="0.013">
    <system-out><![CDATA[2026-07-05 19:49:07 [ INFO] c.s.g.c.DireccionController - [DireccionController] PUT /api/direcciones/1
]]></system-out>
  </testcase>
</testsuite>